2022-11-17 10:17:18,810 [background-preinit] INFO  o.h.v.i.u.Version                                  - HV000001: Hibernate Validator 6.2.4.Final
2022-11-17 10:17:18,860 [restartedMain] INFO  c.j.t.Java08Application                            - Starting Java08Application using Java 18.0.1.1 on DESKTOP-O7JQGLD with PID 2684 (C:\Users\Acer\OneDrive\Máy tính\Code_Training_Management_System\java-08\target\classes started by Acer in C:\Users\Acer\OneDrive\Máy tính\Code_Training_Management_System\java-08)
2022-11-17 10:17:18,865 [restartedMain] INFO  c.j.t.Java08Application                            - No active profile set, falling back to 1 default profile: "default"
2022-11-17 10:17:18,919 [restartedMain] INFO  o.s.b.d.e.DevToolsPropertyDefaultsPostProcessor    - Devtools property defaults active! Set 'spring.devtools.add-properties' to 'false' to disable
2022-11-17 10:17:18,919 [restartedMain] INFO  o.s.b.d.e.DevToolsPropertyDefaultsPostProcessor    - For additional web related logging consider setting the 'logging.level.web' property to 'DEBUG'
2022-11-17 10:17:20,130 [restartedMain] INFO  o.s.d.r.c.RepositoryConfigurationDelegate          - Multiple Spring Data modules found, entering strict repository configuration mode
2022-11-17 10:17:20,130 [restartedMain] INFO  o.s.d.r.c.RepositoryConfigurationDelegate          - Bootstrapping Spring Data JPA repositories in DEFAULT mode.
2022-11-17 10:17:20,334 [restartedMain] INFO  o.s.d.r.c.RepositoryConfigurationDelegate          - Finished Spring Data repository scanning in 199 ms. Found 26 JPA repository interfaces.
2022-11-17 10:17:20,937 [restartedMain] INFO  o.s.b.w.e.t.TomcatWebServer                        - Tomcat initialized with port(s): 80 (http)
2022-11-17 10:17:20,944 [restartedMain] INFO  o.a.c.h.Http11NioProtocol                          - Initializing ProtocolHandler ["http-nio-80"]
2022-11-17 10:17:20,945 [restartedMain] INFO  o.a.c.c.StandardService                            - Starting service [Tomcat]
2022-11-17 10:17:20,945 [restartedMain] INFO  o.a.c.c.StandardEngine                             - Starting Servlet engine: [Apache Tomcat/9.0.65]
2022-11-17 10:17:21,030 [restartedMain] INFO  o.a.c.c.C.[.[.[/]                                  - Initializing Spring embedded WebApplicationContext
2022-11-17 10:17:21,031 [restartedMain] INFO  o.s.b.w.s.c.ServletWebServerApplicationContext     - Root WebApplicationContext: initialization completed in 2111 ms
2022-11-17 10:17:21,194 [restartedMain] INFO  o.h.j.i.u.LogHelper                                - HHH000204: Processing PersistenceUnitInfo [name: default]
2022-11-17 10:17:21,243 [restartedMain] INFO  o.h.Version                                        - HHH000412: Hibernate ORM core version 5.6.10.Final
2022-11-17 10:17:21,369 [restartedMain] INFO  o.h.a.c.Version                                    - HCANN000001: Hibernate Commons Annotations {5.1.2.Final}
2022-11-17 10:17:21,453 [restartedMain] INFO  c.z.h.HikariDataSource                             - HikariPool-1 - Starting...
2022-11-17 10:17:21,701 [restartedMain] INFO  c.z.h.HikariDataSource                             - HikariPool-1 - Start completed.
2022-11-17 10:17:21,712 [restartedMain] INFO  o.h.d.Dialect                                      - HHH000400: Using dialect: org.hibernate.dialect.MySQL5InnoDBDialect
2022-11-17 10:17:22,106 [restartedMain] WARN  o.h.m.RootClass                                    - HHH000038: Composite-id class does not override equals(): com.java8.tms.common.entity.ClassTraineeId
2022-11-17 10:17:22,106 [restartedMain] WARN  o.h.m.RootClass                                    - HHH000039: Composite-id class does not override hashCode(): com.java8.tms.common.entity.ClassTraineeId
2022-11-17 10:17:24,706 [restartedMain] INFO  o.h.e.t.j.p.i.JtaPlatformInitiator                 - HHH000490: Using JtaPlatform implementation: [org.hibernate.engine.transaction.jta.platform.internal.NoJtaPlatform]
2022-11-17 10:17:24,713 [restartedMain] INFO  o.s.o.j.LocalContainerEntityManagerFactoryBean     - Initialized JPA EntityManagerFactory for persistence unit 'default'
2022-11-17 10:17:25,148 [restartedMain] TRACE o.s.c.a.AnnotationCacheOperationSource             - Adding cacheable method 'loadUserByUsername' with attribute: [Builder[public org.springframework.security.core.userdetails.UserDetails com.java8.tms.common.security.userprincipal.CustomUserDetailService.loadUserByUsername(java.lang.String) throws org.springframework.security.core.userdetails.UsernameNotFoundException] caches=[userDetails] | key='' | keyGenerator='' | cacheManager='' | cacheResolver='' | condition='' | unless='' | sync='false']
2022-11-17 10:17:25,210 [restartedMain] TRACE o.s.c.a.AnnotationCacheOperationSource             - Adding cacheable method 'save' with attribute: [Builder[public com.java8.tms.common.entity.BlackAccessToken com.java8.tms.common.security.jwt.BlackAccessTokenServiceImp.save(com.java8.tms.common.entity.BlackAccessToken)] caches=[blackAccessToken] | key='#blackAccessToken.accessToken' | keyGenerator='' | cacheManager='' | cacheResolver='' | condition='' | unless='#result == null']
2022-11-17 10:17:25,211 [restartedMain] TRACE o.s.c.a.AnnotationCacheOperationSource             - Adding cacheable method 'findByAccessToken' with attribute: [Builder[public com.java8.tms.common.entity.BlackAccessToken com.java8.tms.common.security.jwt.BlackAccessTokenServiceImp.findByAccessToken(java.lang.String)] caches=[blackAccessToken] | key='' | keyGenerator='' | cacheManager='' | cacheResolver='' | condition='' | unless='#result == null' | sync='false']
2022-11-17 10:17:25,475 [restartedMain] TRACE o.s.c.a.AnnotationCacheOperationSource             - Adding cacheable method 'findByToken' with attribute: [Builder[public java.util.Optional com.java8.tms.common.security.jwt.RefreshTokenProvider.findByToken(java.lang.String)] caches=[refreshToken] | key='' | keyGenerator='' | cacheManager='' | cacheResolver='' | condition='' | unless='' | sync='false']
2022-11-17 10:17:26,174 [restartedMain] WARN  o.s.b.a.o.j.JpaBaseConfiguration$JpaWebConfiguration - spring.jpa.open-in-view is enabled by default. Therefore, database queries may be performed during view rendering. Explicitly configure spring.jpa.open-in-view to disable this warning
2022-11-17 10:17:26,748 [restartedMain] INFO  o.s.s.w.DefaultSecurityFilterChain                 - Will secure any request with [org.springframework.security.web.session.DisableEncodeUrlFilter@6dc8b5bf, org.springframework.security.web.context.request.async.WebAsyncManagerIntegrationFilter@40e2ecf0, org.springframework.security.web.context.SecurityContextPersistenceFilter@a37246, org.springframework.security.web.header.HeaderWriterFilter@67a43147, org.springframework.web.filter.CorsFilter@56314511, org.springframework.security.web.authentication.logout.LogoutFilter@16051b43, com.java8.tms.common.security.jwt.JwtTokenFilter@2b03d043, org.springframework.security.web.savedrequest.RequestCacheAwareFilter@4498b8dc, org.springframework.security.web.servletapi.SecurityContextHolderAwareRequestFilter@7c31a61c, org.springframework.security.web.authentication.AnonymousAuthenticationFilter@f94f97, org.springframework.security.web.session.SessionManagementFilter@4d3eb9eb, org.springframework.security.web.access.ExceptionTranslationFilter@795ff677, org.springframework.security.web.access.intercept.FilterSecurityInterceptor@1bb22e35]
2022-11-17 10:17:26,750 [restartedMain] INFO  c.j.t.Java08Application                            - Start schedule success!
2022-11-17 10:17:26,859 [restartedMain] WARN  o.s.b.a.t.ThymeleafAutoConfiguration$DefaultTemplateResolverConfiguration - Cannot find template location: classpath:/templates/ (please add some templates or check your Thymeleaf configuration)
2022-11-17 10:17:27,088 [restartedMain] INFO  o.s.b.d.a.OptionalLiveReloadServer                 - LiveReload server is running on port 35729
2022-11-17 10:17:27,108 [restartedMain] INFO  o.a.c.h.Http11NioProtocol                          - Starting ProtocolHandler ["http-nio-80"]
2022-11-17 10:17:27,126 [restartedMain] INFO  o.s.b.w.e.t.TomcatWebServer                        - Tomcat started on port(s): 80 (http) with context path ''
2022-11-17 10:17:27,139 [restartedMain] INFO  c.j.t.Java08Application                            - Started Java08Application in 8.581 seconds (JVM running for 9.677)
2022-11-17 10:25:56,952 [SpringApplicationShutdownHook] INFO  o.s.o.j.LocalContainerEntityManagerFactoryBean     - Closing JPA EntityManagerFactory for persistence unit 'default'
2022-11-17 10:25:56,952 [SpringApplicationShutdownHook] INFO  c.z.h.HikariDataSource                             - HikariPool-1 - Shutdown initiated...
2022-11-17 10:25:56,952 [SpringApplicationShutdownHook] INFO  c.z.h.HikariDataSource                             - HikariPool-1 - Shutdown completed.
2022-11-17 10:26:09,737 [background-preinit] INFO  o.h.v.i.u.Version                                  - HV000001: Hibernate Validator 6.2.4.Final
2022-11-17 10:26:09,764 [restartedMain] INFO  c.j.t.Java08Application                            - Starting Java08Application using Java 18.0.1.1 on DESKTOP-O7JQGLD with PID 20696 (C:\Users\Acer\OneDrive\Máy tính\Code_Training_Management_System\java-08\target\classes started by Acer in C:\Users\Acer\OneDrive\Máy tính\Code_Training_Management_System\java-08)
2022-11-17 10:26:09,764 [restartedMain] INFO  c.j.t.Java08Application                            - No active profile set, falling back to 1 default profile: "default"
2022-11-17 10:26:09,803 [restartedMain] INFO  o.s.b.d.e.DevToolsPropertyDefaultsPostProcessor    - Devtools property defaults active! Set 'spring.devtools.add-properties' to 'false' to disable
2022-11-17 10:26:09,803 [restartedMain] INFO  o.s.b.d.e.DevToolsPropertyDefaultsPostProcessor    - For additional web related logging consider setting the 'logging.level.web' property to 'DEBUG'
2022-11-17 10:26:10,606 [restartedMain] INFO  o.s.d.r.c.RepositoryConfigurationDelegate          - Multiple Spring Data modules found, entering strict repository configuration mode
2022-11-17 10:26:10,606 [restartedMain] INFO  o.s.d.r.c.RepositoryConfigurationDelegate          - Bootstrapping Spring Data JPA repositories in DEFAULT mode.
2022-11-17 10:26:10,801 [restartedMain] INFO  o.s.d.r.c.RepositoryConfigurationDelegate          - Finished Spring Data repository scanning in 181 ms. Found 26 JPA repository interfaces.
2022-11-17 10:26:11,327 [restartedMain] INFO  o.s.b.w.e.t.TomcatWebServer                        - Tomcat initialized with port(s): 80 (http)
2022-11-17 10:26:11,327 [restartedMain] INFO  o.a.c.h.Http11NioProtocol                          - Initializing ProtocolHandler ["http-nio-80"]
2022-11-17 10:26:11,343 [restartedMain] INFO  o.a.c.c.StandardService                            - Starting service [Tomcat]
2022-11-17 10:26:11,343 [restartedMain] INFO  o.a.c.c.StandardEngine                             - Starting Servlet engine: [Apache Tomcat/9.0.65]
2022-11-17 10:26:11,421 [restartedMain] INFO  o.a.c.c.C.[.[.[/]                                  - Initializing Spring embedded WebApplicationContext
2022-11-17 10:26:11,421 [restartedMain] INFO  o.s.b.w.s.c.ServletWebServerApplicationContext     - Root WebApplicationContext: initialization completed in 1618 ms
2022-11-17 10:26:11,593 [restartedMain] INFO  o.h.j.i.u.LogHelper                                - HHH000204: Processing PersistenceUnitInfo [name: default]
2022-11-17 10:26:11,640 [restartedMain] INFO  o.h.Version                                        - HHH000412: Hibernate ORM core version 5.6.10.Final
2022-11-17 10:26:11,734 [restartedMain] INFO  o.h.a.c.Version                                    - HCANN000001: Hibernate Commons Annotations {5.1.2.Final}
2022-11-17 10:26:11,796 [restartedMain] INFO  c.z.h.HikariDataSource                             - HikariPool-1 - Starting...
2022-11-17 10:26:11,999 [restartedMain] INFO  c.z.h.HikariDataSource                             - HikariPool-1 - Start completed.
2022-11-17 10:26:11,999 [restartedMain] INFO  o.h.d.Dialect                                      - HHH000400: Using dialect: org.hibernate.dialect.MySQL5InnoDBDialect
2022-11-17 10:26:12,374 [restartedMain] WARN  o.h.m.RootClass                                    - HHH000038: Composite-id class does not override equals(): com.java8.tms.common.entity.ClassTraineeId
2022-11-17 10:26:12,374 [restartedMain] WARN  o.h.m.RootClass                                    - HHH000039: Composite-id class does not override hashCode(): com.java8.tms.common.entity.ClassTraineeId
2022-11-17 10:26:15,022 [restartedMain] INFO  o.h.e.t.j.p.i.JtaPlatformInitiator                 - HHH000490: Using JtaPlatform implementation: [org.hibernate.engine.transaction.jta.platform.internal.NoJtaPlatform]
2022-11-17 10:26:15,022 [restartedMain] INFO  o.s.o.j.LocalContainerEntityManagerFactoryBean     - Initialized JPA EntityManagerFactory for persistence unit 'default'
2022-11-17 10:26:15,413 [restartedMain] TRACE o.s.c.a.AnnotationCacheOperationSource             - Adding cacheable method 'loadUserByUsername' with attribute: [Builder[public org.springframework.security.core.userdetails.UserDetails com.java8.tms.common.security.userprincipal.CustomUserDetailService.loadUserByUsername(java.lang.String) throws org.springframework.security.core.userdetails.UsernameNotFoundException] caches=[userDetails] | key='' | keyGenerator='' | cacheManager='' | cacheResolver='' | condition='' | unless='' | sync='false']
2022-11-17 10:26:15,475 [restartedMain] TRACE o.s.c.a.AnnotationCacheOperationSource             - Adding cacheable method 'save' with attribute: [Builder[public com.java8.tms.common.entity.BlackAccessToken com.java8.tms.common.security.jwt.BlackAccessTokenServiceImp.save(com.java8.tms.common.entity.BlackAccessToken)] caches=[blackAccessToken] | key='#blackAccessToken.accessToken' | keyGenerator='' | cacheManager='' | cacheResolver='' | condition='' | unless='#result == null']
2022-11-17 10:26:15,475 [restartedMain] TRACE o.s.c.a.AnnotationCacheOperationSource             - Adding cacheable method 'findByAccessToken' with attribute: [Builder[public com.java8.tms.common.entity.BlackAccessToken com.java8.tms.common.security.jwt.BlackAccessTokenServiceImp.findByAccessToken(java.lang.String)] caches=[blackAccessToken] | key='' | keyGenerator='' | cacheManager='' | cacheResolver='' | condition='' | unless='#result == null' | sync='false']
2022-11-17 10:26:15,740 [restartedMain] TRACE o.s.c.a.AnnotationCacheOperationSource             - Adding cacheable method 'findByToken' with attribute: [Builder[public java.util.Optional com.java8.tms.common.security.jwt.RefreshTokenProvider.findByToken(java.lang.String)] caches=[refreshToken] | key='' | keyGenerator='' | cacheManager='' | cacheResolver='' | condition='' | unless='' | sync='false']
2022-11-17 10:26:16,413 [restartedMain] WARN  o.s.b.a.o.j.JpaBaseConfiguration$JpaWebConfiguration - spring.jpa.open-in-view is enabled by default. Therefore, database queries may be performed during view rendering. Explicitly configure spring.jpa.open-in-view to disable this warning
2022-11-17 10:26:17,033 [restartedMain] INFO  o.s.s.w.DefaultSecurityFilterChain                 - Will secure any request with [org.springframework.security.web.session.DisableEncodeUrlFilter@1086cd21, org.springframework.security.web.context.request.async.WebAsyncManagerIntegrationFilter@185493f3, org.springframework.security.web.context.SecurityContextPersistenceFilter@5628cb56, org.springframework.security.web.header.HeaderWriterFilter@31c58871, org.springframework.web.filter.CorsFilter@3a07d2fe, org.springframework.security.web.authentication.logout.LogoutFilter@32e63377, com.java8.tms.common.security.jwt.JwtTokenFilter@26ca1588, org.springframework.security.web.savedrequest.RequestCacheAwareFilter@414d9910, org.springframework.security.web.servletapi.SecurityContextHolderAwareRequestFilter@712c884f, org.springframework.security.web.authentication.AnonymousAuthenticationFilter@42099e81, org.springframework.security.web.session.SessionManagementFilter@2ee0271b, org.springframework.security.web.access.ExceptionTranslationFilter@567d2064, org.springframework.security.web.access.intercept.FilterSecurityInterceptor@7f668bf0]
2022-11-17 10:26:17,033 [restartedMain] INFO  c.j.t.Java08Application                            - Start schedule success!
2022-11-17 10:26:17,126 [restartedMain] WARN  o.s.b.a.t.ThymeleafAutoConfiguration$DefaultTemplateResolverConfiguration - Cannot find template location: classpath:/templates/ (please add some templates or check your Thymeleaf configuration)
2022-11-17 10:26:17,361 [restartedMain] INFO  o.s.b.d.a.OptionalLiveReloadServer                 - LiveReload server is running on port 35729
2022-11-17 10:26:17,376 [restartedMain] INFO  o.a.c.h.Http11NioProtocol                          - Starting ProtocolHandler ["http-nio-80"]
2022-11-17 10:26:17,392 [restartedMain] INFO  o.s.b.w.e.t.TomcatWebServer                        - Tomcat started on port(s): 80 (http) with context path ''
2022-11-17 10:26:17,408 [restartedMain] INFO  c.j.t.Java08Application                            - Started Java08Application in 7.89 seconds (JVM running for 8.886)
2022-11-17 10:39:23,192 [SpringApplicationShutdownHook] INFO  o.s.o.j.LocalContainerEntityManagerFactoryBean     - Closing JPA EntityManagerFactory for persistence unit 'default'
2022-11-17 10:39:23,192 [SpringApplicationShutdownHook] INFO  c.z.h.HikariDataSource                             - HikariPool-1 - Shutdown initiated...
2022-11-17 10:39:23,192 [SpringApplicationShutdownHook] INFO  c.z.h.HikariDataSource                             - HikariPool-1 - Shutdown completed.
2022-11-17 10:39:31,915 [background-preinit] INFO  o.h.v.i.u.Version                                  - HV000001: Hibernate Validator 6.2.4.Final
2022-11-17 10:39:31,947 [restartedMain] INFO  c.j.t.Java08Application                            - Starting Java08Application using Java 18.0.1.1 on DESKTOP-O7JQGLD with PID 13788 (C:\Users\Acer\OneDrive\Máy tính\Code_Training_Management_System\java-08\target\classes started by Acer in C:\Users\Acer\OneDrive\Máy tính\Code_Training_Management_System\java-08)
2022-11-17 10:39:31,947 [restartedMain] INFO  c.j.t.Java08Application                            - No active profile set, falling back to 1 default profile: "default"
2022-11-17 10:39:31,990 [restartedMain] INFO  o.s.b.d.e.DevToolsPropertyDefaultsPostProcessor    - Devtools property defaults active! Set 'spring.devtools.add-properties' to 'false' to disable
2022-11-17 10:39:31,990 [restartedMain] INFO  o.s.b.d.e.DevToolsPropertyDefaultsPostProcessor    - For additional web related logging consider setting the 'logging.level.web' property to 'DEBUG'
2022-11-17 10:39:32,797 [restartedMain] INFO  o.s.d.r.c.RepositoryConfigurationDelegate          - Multiple Spring Data modules found, entering strict repository configuration mode
2022-11-17 10:39:32,797 [restartedMain] INFO  o.s.d.r.c.RepositoryConfigurationDelegate          - Bootstrapping Spring Data JPA repositories in DEFAULT mode.
2022-11-17 10:39:32,984 [restartedMain] INFO  o.s.d.r.c.RepositoryConfigurationDelegate          - Finished Spring Data repository scanning in 189 ms. Found 26 JPA repository interfaces.
2022-11-17 10:39:33,484 [restartedMain] INFO  o.s.b.w.e.t.TomcatWebServer                        - Tomcat initialized with port(s): 80 (http)
2022-11-17 10:39:33,484 [restartedMain] INFO  o.a.c.h.Http11NioProtocol                          - Initializing ProtocolHandler ["http-nio-80"]
2022-11-17 10:39:33,484 [restartedMain] INFO  o.a.c.c.StandardService                            - Starting service [Tomcat]
2022-11-17 10:39:33,484 [restartedMain] INFO  o.a.c.c.StandardEngine                             - Starting Servlet engine: [Apache Tomcat/9.0.65]
2022-11-17 10:39:33,562 [restartedMain] INFO  o.a.c.c.C.[.[.[/]                                  - Initializing Spring embedded WebApplicationContext
2022-11-17 10:39:33,562 [restartedMain] INFO  o.s.b.w.s.c.ServletWebServerApplicationContext     - Root WebApplicationContext: initialization completed in 1572 ms
2022-11-17 10:39:33,719 [restartedMain] INFO  o.h.j.i.u.LogHelper                                - HHH000204: Processing PersistenceUnitInfo [name: default]
2022-11-17 10:39:33,750 [restartedMain] INFO  o.h.Version                                        - HHH000412: Hibernate ORM core version 5.6.10.Final
2022-11-17 10:39:33,859 [restartedMain] INFO  o.h.a.c.Version                                    - HCANN000001: Hibernate Commons Annotations {5.1.2.Final}
2022-11-17 10:39:33,922 [restartedMain] INFO  c.z.h.HikariDataSource                             - HikariPool-1 - Starting...
2022-11-17 10:39:34,125 [restartedMain] INFO  c.z.h.HikariDataSource                             - HikariPool-1 - Start completed.
2022-11-17 10:39:34,125 [restartedMain] INFO  o.h.d.Dialect                                      - HHH000400: Using dialect: org.hibernate.dialect.MySQL5InnoDBDialect
2022-11-17 10:39:34,500 [restartedMain] WARN  o.h.m.RootClass                                    - HHH000038: Composite-id class does not override equals(): com.java8.tms.common.entity.ClassTraineeId
2022-11-17 10:39:34,500 [restartedMain] WARN  o.h.m.RootClass                                    - HHH000039: Composite-id class does not override hashCode(): com.java8.tms.common.entity.ClassTraineeId
2022-11-17 10:39:37,172 [restartedMain] INFO  o.h.e.t.j.p.i.JtaPlatformInitiator                 - HHH000490: Using JtaPlatform implementation: [org.hibernate.engine.transaction.jta.platform.internal.NoJtaPlatform]
2022-11-17 10:39:37,172 [restartedMain] INFO  o.s.o.j.LocalContainerEntityManagerFactoryBean     - Initialized JPA EntityManagerFactory for persistence unit 'default'
2022-11-17 10:39:37,664 [restartedMain] TRACE o.s.c.a.AnnotationCacheOperationSource             - Adding cacheable method 'loadUserByUsername' with attribute: [Builder[public org.springframework.security.core.userdetails.UserDetails com.java8.tms.common.security.userprincipal.CustomUserDetailService.loadUserByUsername(java.lang.String) throws org.springframework.security.core.userdetails.UsernameNotFoundException] caches=[userDetails] | key='' | keyGenerator='' | cacheManager='' | cacheResolver='' | condition='' | unless='' | sync='false']
2022-11-17 10:39:37,726 [restartedMain] TRACE o.s.c.a.AnnotationCacheOperationSource             - Adding cacheable method 'save' with attribute: [Builder[public com.java8.tms.common.entity.BlackAccessToken com.java8.tms.common.security.jwt.BlackAccessTokenServiceImp.save(com.java8.tms.common.entity.BlackAccessToken)] caches=[blackAccessToken] | key='#blackAccessToken.accessToken' | keyGenerator='' | cacheManager='' | cacheResolver='' | condition='' | unless='#result == null']
2022-11-17 10:39:37,726 [restartedMain] TRACE o.s.c.a.AnnotationCacheOperationSource             - Adding cacheable method 'findByAccessToken' with attribute: [Builder[public com.java8.tms.common.entity.BlackAccessToken com.java8.tms.common.security.jwt.BlackAccessTokenServiceImp.findByAccessToken(java.lang.String)] caches=[blackAccessToken] | key='' | keyGenerator='' | cacheManager='' | cacheResolver='' | condition='' | unless='#result == null' | sync='false']
2022-11-17 10:39:37,992 [restartedMain] TRACE o.s.c.a.AnnotationCacheOperationSource             - Adding cacheable method 'findByToken' with attribute: [Builder[public java.util.Optional com.java8.tms.common.security.jwt.RefreshTokenProvider.findByToken(java.lang.String)] caches=[refreshToken] | key='' | keyGenerator='' | cacheManager='' | cacheResolver='' | condition='' | unless='' | sync='false']
2022-11-17 10:39:38,664 [restartedMain] WARN  o.s.b.a.o.j.JpaBaseConfiguration$JpaWebConfiguration - spring.jpa.open-in-view is enabled by default. Therefore, database queries may be performed during view rendering. Explicitly configure spring.jpa.open-in-view to disable this warning
2022-11-17 10:39:39,301 [restartedMain] INFO  o.s.s.w.DefaultSecurityFilterChain                 - Will secure any request with [org.springframework.security.web.session.DisableEncodeUrlFilter@25af8a47, org.springframework.security.web.context.request.async.WebAsyncManagerIntegrationFilter@6322964, org.springframework.security.web.context.SecurityContextPersistenceFilter@6923b88e, org.springframework.security.web.header.HeaderWriterFilter@7c31a61c, org.springframework.web.filter.CorsFilter@39e80699, org.springframework.security.web.authentication.logout.LogoutFilter@5b0021fd, com.java8.tms.common.security.jwt.JwtTokenFilter@426e322e, org.springframework.security.web.savedrequest.RequestCacheAwareFilter@60ced3a2, org.springframework.security.web.servletapi.SecurityContextHolderAwareRequestFilter@1970310c, org.springframework.security.web.authentication.AnonymousAuthenticationFilter@661926f2, org.springframework.security.web.session.SessionManagementFilter@4b33badd, org.springframework.security.web.access.ExceptionTranslationFilter@41af27d4, org.springframework.security.web.access.intercept.FilterSecurityInterceptor@8cfad15]
2022-11-17 10:39:39,306 [restartedMain] INFO  c.j.t.Java08Application                            - Start schedule success!
2022-11-17 10:39:39,420 [restartedMain] WARN  o.s.b.a.t.ThymeleafAutoConfiguration$DefaultTemplateResolverConfiguration - Cannot find template location: classpath:/templates/ (please add some templates or check your Thymeleaf configuration)
2022-11-17 10:39:39,661 [restartedMain] INFO  o.s.b.d.a.OptionalLiveReloadServer                 - LiveReload server is running on port 35729
2022-11-17 10:39:39,677 [restartedMain] INFO  o.a.c.h.Http11NioProtocol                          - Starting ProtocolHandler ["http-nio-80"]
2022-11-17 10:39:39,692 [restartedMain] INFO  o.s.b.w.e.t.TomcatWebServer                        - Tomcat started on port(s): 80 (http) with context path ''
2022-11-17 10:39:39,708 [restartedMain] INFO  c.j.t.Java08Application                            - Started Java08Application in 8.033 seconds (JVM running for 9.085)
2022-11-17 10:42:18,228 [SpringApplicationShutdownHook] INFO  o.s.o.j.LocalContainerEntityManagerFactoryBean     - Closing JPA EntityManagerFactory for persistence unit 'default'
2022-11-17 10:42:18,228 [SpringApplicationShutdownHook] INFO  c.z.h.HikariDataSource                             - HikariPool-1 - Shutdown initiated...
2022-11-17 10:42:18,228 [SpringApplicationShutdownHook] INFO  c.z.h.HikariDataSource                             - HikariPool-1 - Shutdown completed.
2022-11-17 10:44:47,121 [background-preinit] INFO  o.h.v.i.u.Version                                  - HV000001: Hibernate Validator 6.2.4.Final
2022-11-17 10:44:47,148 [restartedMain] INFO  c.j.t.Java08Application                            - Starting Java08Application using Java 18.0.1.1 on DESKTOP-O7JQGLD with PID 16184 (C:\Users\Acer\OneDrive\Máy tính\Code_Training_Management_System\java-08\target\classes started by Acer in C:\Users\Acer\OneDrive\Máy tính\Code_Training_Management_System\java-08)
2022-11-17 10:44:47,148 [restartedMain] INFO  c.j.t.Java08Application                            - No active profile set, falling back to 1 default profile: "default"
2022-11-17 10:44:47,185 [restartedMain] INFO  o.s.b.d.e.DevToolsPropertyDefaultsPostProcessor    - Devtools property defaults active! Set 'spring.devtools.add-properties' to 'false' to disable
2022-11-17 10:44:47,185 [restartedMain] INFO  o.s.b.d.e.DevToolsPropertyDefaultsPostProcessor    - For additional web related logging consider setting the 'logging.level.web' property to 'DEBUG'
2022-11-17 10:44:48,059 [restartedMain] INFO  o.s.d.r.c.RepositoryConfigurationDelegate          - Multiple Spring Data modules found, entering strict repository configuration mode
2022-11-17 10:44:48,059 [restartedMain] INFO  o.s.d.r.c.RepositoryConfigurationDelegate          - Bootstrapping Spring Data JPA repositories in DEFAULT mode.
2022-11-17 10:44:48,294 [restartedMain] INFO  o.s.d.r.c.RepositoryConfigurationDelegate          - Finished Spring Data repository scanning in 217 ms. Found 26 JPA repository interfaces.
2022-11-17 10:44:48,834 [restartedMain] INFO  o.s.b.w.e.t.TomcatWebServer                        - Tomcat initialized with port(s): 80 (http)
2022-11-17 10:44:48,850 [restartedMain] INFO  o.a.c.h.Http11NioProtocol                          - Initializing ProtocolHandler ["http-nio-80"]
2022-11-17 10:44:48,850 [restartedMain] INFO  o.a.c.c.StandardService                            - Starting service [Tomcat]
2022-11-17 10:44:48,850 [restartedMain] INFO  o.a.c.c.StandardEngine                             - Starting Servlet engine: [Apache Tomcat/9.0.65]
2022-11-17 10:44:48,928 [restartedMain] INFO  o.a.c.c.C.[.[.[/]                                  - Initializing Spring embedded WebApplicationContext
2022-11-17 10:44:48,928 [restartedMain] INFO  o.s.b.w.s.c.ServletWebServerApplicationContext     - Root WebApplicationContext: initialization completed in 1743 ms
2022-11-17 10:44:49,100 [restartedMain] INFO  o.h.j.i.u.LogHelper                                - HHH000204: Processing PersistenceUnitInfo [name: default]
2022-11-17 10:44:49,147 [restartedMain] INFO  o.h.Version                                        - HHH000412: Hibernate ORM core version 5.6.10.Final
2022-11-17 10:44:49,256 [restartedMain] INFO  o.h.a.c.Version                                    - HCANN000001: Hibernate Commons Annotations {5.1.2.Final}
2022-11-17 10:44:49,319 [restartedMain] INFO  c.z.h.HikariDataSource                             - HikariPool-1 - Starting...
2022-11-17 10:44:49,522 [restartedMain] INFO  c.z.h.HikariDataSource                             - HikariPool-1 - Start completed.
2022-11-17 10:44:49,537 [restartedMain] INFO  o.h.d.Dialect                                      - HHH000400: Using dialect: org.hibernate.dialect.MySQL5InnoDBDialect
2022-11-17 10:44:49,912 [restartedMain] WARN  o.h.m.RootClass                                    - HHH000038: Composite-id class does not override equals(): com.java8.tms.common.entity.ClassTraineeId
2022-11-17 10:44:49,912 [restartedMain] WARN  o.h.m.RootClass                                    - HHH000039: Composite-id class does not override hashCode(): com.java8.tms.common.entity.ClassTraineeId
2022-11-17 10:44:52,504 [restartedMain] INFO  o.h.e.t.j.p.i.JtaPlatformInitiator                 - HHH000490: Using JtaPlatform implementation: [org.hibernate.engine.transaction.jta.platform.internal.NoJtaPlatform]
2022-11-17 10:44:52,504 [restartedMain] INFO  o.s.o.j.LocalContainerEntityManagerFactoryBean     - Initialized JPA EntityManagerFactory for persistence unit 'default'
2022-11-17 10:44:52,910 [restartedMain] TRACE o.s.c.a.AnnotationCacheOperationSource             - Adding cacheable method 'loadUserByUsername' with attribute: [Builder[public org.springframework.security.core.userdetails.UserDetails com.java8.tms.common.security.userprincipal.CustomUserDetailService.loadUserByUsername(java.lang.String) throws org.springframework.security.core.userdetails.UsernameNotFoundException] caches=[userDetails] | key='' | keyGenerator='' | cacheManager='' | cacheResolver='' | condition='' | unless='' | sync='false']
2022-11-17 10:44:52,988 [restartedMain] TRACE o.s.c.a.AnnotationCacheOperationSource             - Adding cacheable method 'save' with attribute: [Builder[public com.java8.tms.common.entity.BlackAccessToken com.java8.tms.common.security.jwt.BlackAccessTokenServiceImp.save(com.java8.tms.common.entity.BlackAccessToken)] caches=[blackAccessToken] | key='#blackAccessToken.accessToken' | keyGenerator='' | cacheManager='' | cacheResolver='' | condition='' | unless='#result == null']
2022-11-17 10:44:52,988 [restartedMain] TRACE o.s.c.a.AnnotationCacheOperationSource             - Adding cacheable method 'findByAccessToken' with attribute: [Builder[public com.java8.tms.common.entity.BlackAccessToken com.java8.tms.common.security.jwt.BlackAccessTokenServiceImp.findByAccessToken(java.lang.String)] caches=[blackAccessToken] | key='' | keyGenerator='' | cacheManager='' | cacheResolver='' | condition='' | unless='#result == null' | sync='false']
2022-11-17 10:44:53,285 [restartedMain] TRACE o.s.c.a.AnnotationCacheOperationSource             - Adding cacheable method 'findByToken' with attribute: [Builder[public java.util.Optional com.java8.tms.common.security.jwt.RefreshTokenProvider.findByToken(java.lang.String)] caches=[refreshToken] | key='' | keyGenerator='' | cacheManager='' | cacheResolver='' | condition='' | unless='' | sync='false']
2022-11-17 10:44:53,973 [restartedMain] WARN  o.s.b.a.o.j.JpaBaseConfiguration$JpaWebConfiguration - spring.jpa.open-in-view is enabled by default. Therefore, database queries may be performed during view rendering. Explicitly configure spring.jpa.open-in-view to disable this warning
2022-11-17 10:44:54,614 [restartedMain] INFO  o.s.s.w.DefaultSecurityFilterChain                 - Will secure any request with [org.springframework.security.web.session.DisableEncodeUrlFilter@5a1f2172, org.springframework.security.web.context.request.async.WebAsyncManagerIntegrationFilter@15b6f03d, org.springframework.security.web.context.SecurityContextPersistenceFilter@1ce80a84, org.springframework.security.web.header.HeaderWriterFilter@4d4d0db4, org.springframework.web.filter.CorsFilter@13154a58, org.springframework.security.web.authentication.logout.LogoutFilter@1582e36e, com.java8.tms.common.security.jwt.JwtTokenFilter@5f6df460, org.springframework.security.web.savedrequest.RequestCacheAwareFilter@7b7ea961, org.springframework.security.web.servletapi.SecurityContextHolderAwareRequestFilter@7fb4e173, org.springframework.security.web.authentication.AnonymousAuthenticationFilter@797390cb, org.springframework.security.web.session.SessionManagementFilter@3b984eab, org.springframework.security.web.access.ExceptionTranslationFilter@21246c45, org.springframework.security.web.access.intercept.FilterSecurityInterceptor@225fd4a6]
2022-11-17 10:44:54,614 [restartedMain] INFO  c.j.t.Java08Application                            - Start schedule success!
2022-11-17 10:44:54,707 [restartedMain] WARN  o.s.b.a.t.ThymeleafAutoConfiguration$DefaultTemplateResolverConfiguration - Cannot find template location: classpath:/templates/ (please add some templates or check your Thymeleaf configuration)
2022-11-17 10:44:54,973 [restartedMain] INFO  o.s.b.d.a.OptionalLiveReloadServer                 - LiveReload server is running on port 35729
2022-11-17 10:44:55,004 [restartedMain] INFO  o.a.c.h.Http11NioProtocol                          - Starting ProtocolHandler ["http-nio-80"]
2022-11-17 10:44:55,020 [restartedMain] INFO  o.s.b.w.e.t.TomcatWebServer                        - Tomcat started on port(s): 80 (http) with context path ''
2022-11-17 10:44:55,035 [restartedMain] INFO  c.j.t.Java08Application                            - Started Java08Application in 8.147 seconds (JVM running for 9.281)
2022-11-17 11:01:00,011 [taskScheduler-1] INFO  c.j.t.c.s.MyJob                                    - Execute deleteExpiredAccessToken task  - Thu Nov 17 11:01:00 ICT 2022
2022-11-17 11:01:00,056 [taskScheduler-2] INFO  c.j.t.c.s.MyJob                                    - Execute deleteExpiredRefreshToken task  - Thu Nov 17 11:01:00 ICT 2022
2022-11-17 11:13:28,376 [SpringApplicationShutdownHook] INFO  o.s.o.j.LocalContainerEntityManagerFactoryBean     - Closing JPA EntityManagerFactory for persistence unit 'default'
2022-11-17 11:13:28,376 [SpringApplicationShutdownHook] INFO  c.z.h.HikariDataSource                             - HikariPool-1 - Shutdown initiated...
2022-11-17 11:13:28,392 [SpringApplicationShutdownHook] INFO  c.z.h.HikariDataSource                             - HikariPool-1 - Shutdown completed.
2022-11-17 13:44:32,911 [background-preinit] INFO  o.h.v.i.u.Version                                  - HV000001: Hibernate Validator 6.2.4.Final
2022-11-17 13:44:32,950 [restartedMain] INFO  c.j.t.Java08Application                            - Starting Java08Application using Java 18.0.1.1 on DESKTOP-O7JQGLD with PID 2164 (C:\Users\Acer\OneDrive\Máy tính\Code_Training_Management_System\java-08\target\classes started by Acer in C:\Users\Acer\OneDrive\Máy tính\Code_Training_Management_System\java-08)
2022-11-17 13:44:32,950 [restartedMain] INFO  c.j.t.Java08Application                            - No active profile set, falling back to 1 default profile: "default"
2022-11-17 13:44:32,992 [restartedMain] INFO  o.s.b.d.e.DevToolsPropertyDefaultsPostProcessor    - Devtools property defaults active! Set 'spring.devtools.add-properties' to 'false' to disable
2022-11-17 13:44:32,992 [restartedMain] INFO  o.s.b.d.e.DevToolsPropertyDefaultsPostProcessor    - For additional web related logging consider setting the 'logging.level.web' property to 'DEBUG'
2022-11-17 13:44:33,801 [restartedMain] INFO  o.s.d.r.c.RepositoryConfigurationDelegate          - Multiple Spring Data modules found, entering strict repository configuration mode
2022-11-17 13:44:33,801 [restartedMain] INFO  o.s.d.r.c.RepositoryConfigurationDelegate          - Bootstrapping Spring Data JPA repositories in DEFAULT mode.
2022-11-17 13:44:34,020 [restartedMain] INFO  o.s.d.r.c.RepositoryConfigurationDelegate          - Finished Spring Data repository scanning in 214 ms. Found 26 JPA repository interfaces.
2022-11-17 13:44:34,598 [restartedMain] INFO  o.s.b.w.e.t.TomcatWebServer                        - Tomcat initialized with port(s): 80 (http)
2022-11-17 13:44:34,598 [restartedMain] INFO  o.a.c.h.Http11NioProtocol                          - Initializing ProtocolHandler ["http-nio-80"]
2022-11-17 13:44:34,598 [restartedMain] INFO  o.a.c.c.StandardService                            - Starting service [Tomcat]
2022-11-17 13:44:34,598 [restartedMain] INFO  o.a.c.c.StandardEngine                             - Starting Servlet engine: [Apache Tomcat/9.0.65]
2022-11-17 13:44:34,692 [restartedMain] INFO  o.a.c.c.C.[.[.[/]                                  - Initializing Spring embedded WebApplicationContext
2022-11-17 13:44:34,692 [restartedMain] INFO  o.s.b.w.s.c.ServletWebServerApplicationContext     - Root WebApplicationContext: initialization completed in 1694 ms
2022-11-17 13:44:34,864 [restartedMain] INFO  o.h.j.i.u.LogHelper                                - HHH000204: Processing PersistenceUnitInfo [name: default]
2022-11-17 13:44:34,895 [restartedMain] INFO  o.h.Version                                        - HHH000412: Hibernate ORM core version 5.6.10.Final
2022-11-17 13:44:34,989 [restartedMain] INFO  o.h.a.c.Version                                    - HCANN000001: Hibernate Commons Annotations {5.1.2.Final}
2022-11-17 13:44:35,051 [restartedMain] INFO  c.z.h.HikariDataSource                             - HikariPool-1 - Starting...
2022-11-17 13:44:35,239 [restartedMain] INFO  c.z.h.HikariDataSource                             - HikariPool-1 - Start completed.
2022-11-17 13:44:35,254 [restartedMain] INFO  o.h.d.Dialect                                      - HHH000400: Using dialect: org.hibernate.dialect.MySQL5InnoDBDialect
2022-11-17 13:44:35,614 [restartedMain] WARN  o.h.m.RootClass                                    - HHH000038: Composite-id class does not override equals(): com.java8.tms.common.entity.ClassTraineeId
2022-11-17 13:44:35,614 [restartedMain] WARN  o.h.m.RootClass                                    - HHH000039: Composite-id class does not override hashCode(): com.java8.tms.common.entity.ClassTraineeId
2022-11-17 13:44:38,263 [restartedMain] INFO  o.h.e.t.j.p.i.JtaPlatformInitiator                 - HHH000490: Using JtaPlatform implementation: [org.hibernate.engine.transaction.jta.platform.internal.NoJtaPlatform]
2022-11-17 13:44:38,263 [restartedMain] INFO  o.s.o.j.LocalContainerEntityManagerFactoryBean     - Initialized JPA EntityManagerFactory for persistence unit 'default'
2022-11-17 13:44:38,669 [restartedMain] TRACE o.s.c.a.AnnotationCacheOperationSource             - Adding cacheable method 'loadUserByUsername' with attribute: [Builder[public org.springframework.security.core.userdetails.UserDetails com.java8.tms.common.security.userprincipal.CustomUserDetailService.loadUserByUsername(java.lang.String) throws org.springframework.security.core.userdetails.UsernameNotFoundException] caches=[userDetails] | key='' | keyGenerator='' | cacheManager='' | cacheResolver='' | condition='' | unless='' | sync='false']
2022-11-17 13:44:38,731 [restartedMain] TRACE o.s.c.a.AnnotationCacheOperationSource             - Adding cacheable method 'save' with attribute: [Builder[public com.java8.tms.common.entity.BlackAccessToken com.java8.tms.common.security.jwt.BlackAccessTokenServiceImp.save(com.java8.tms.common.entity.BlackAccessToken)] caches=[blackAccessToken] | key='#blackAccessToken.accessToken' | keyGenerator='' | cacheManager='' | cacheResolver='' | condition='' | unless='#result == null']
2022-11-17 13:44:38,731 [restartedMain] TRACE o.s.c.a.AnnotationCacheOperationSource             - Adding cacheable method 'findByAccessToken' with attribute: [Builder[public com.java8.tms.common.entity.BlackAccessToken com.java8.tms.common.security.jwt.BlackAccessTokenServiceImp.findByAccessToken(java.lang.String)] caches=[blackAccessToken] | key='' | keyGenerator='' | cacheManager='' | cacheResolver='' | condition='' | unless='#result == null' | sync='false']
2022-11-17 13:44:38,997 [restartedMain] TRACE o.s.c.a.AnnotationCacheOperationSource             - Adding cacheable method 'findByToken' with attribute: [Builder[public java.util.Optional com.java8.tms.common.security.jwt.RefreshTokenProvider.findByToken(java.lang.String)] caches=[refreshToken] | key='' | keyGenerator='' | cacheManager='' | cacheResolver='' | condition='' | unless='' | sync='false']
2022-11-17 13:44:39,716 [restartedMain] WARN  o.s.b.a.o.j.JpaBaseConfiguration$JpaWebConfiguration - spring.jpa.open-in-view is enabled by default. Therefore, database queries may be performed during view rendering. Explicitly configure spring.jpa.open-in-view to disable this warning
2022-11-17 13:44:40,316 [restartedMain] INFO  o.s.s.w.DefaultSecurityFilterChain                 - Will secure any request with [org.springframework.security.web.session.DisableEncodeUrlFilter@410981aa, org.springframework.security.web.context.request.async.WebAsyncManagerIntegrationFilter@45628db3, org.springframework.security.web.context.SecurityContextPersistenceFilter@68fa42a3, org.springframework.security.web.header.HeaderWriterFilter@25862a2, org.springframework.web.filter.CorsFilter@35aa77d2, org.springframework.security.web.authentication.logout.LogoutFilter@5628cb56, com.java8.tms.common.security.jwt.JwtTokenFilter@748ba39a, org.springframework.security.web.savedrequest.RequestCacheAwareFilter@11b7b344, org.springframework.security.web.servletapi.SecurityContextHolderAwareRequestFilter@60c9353, org.springframework.security.web.authentication.AnonymousAuthenticationFilter@530baf78, org.springframework.security.web.session.SessionManagementFilter@463449cc, org.springframework.security.web.access.ExceptionTranslationFilter@456f7361, org.springframework.security.web.access.intercept.FilterSecurityInterceptor@7aba46a2]
2022-11-17 13:44:40,316 [restartedMain] INFO  c.j.t.Java08Application                            - Start schedule success!
2022-11-17 13:44:40,425 [restartedMain] WARN  o.s.b.a.t.ThymeleafAutoConfiguration$DefaultTemplateResolverConfiguration - Cannot find template location: classpath:/templates/ (please add some templates or check your Thymeleaf configuration)
2022-11-17 13:44:40,675 [restartedMain] INFO  o.s.b.d.a.OptionalLiveReloadServer                 - LiveReload server is running on port 35729
2022-11-17 13:44:40,707 [restartedMain] INFO  o.a.c.h.Http11NioProtocol                          - Starting ProtocolHandler ["http-nio-80"]
2022-11-17 13:44:40,722 [restartedMain] INFO  o.s.b.w.e.t.TomcatWebServer                        - Tomcat started on port(s): 80 (http) with context path ''
2022-11-17 13:44:40,738 [restartedMain] INFO  c.j.t.Java08Application                            - Started Java08Application in 8.058 seconds (JVM running for 8.953)
