2022-12-01 10:29:16,079 [background-preinit] INFO  o.h.v.i.u.Version                                  - HV000001: Hibernate Validator 6.0.16.Final
2022-12-01 10:29:16,127 [main] INFO  c.j.t.Java08Application                            - Starting Java08Application using Java 18.0.2.1 on QuanlmSE150533 with PID 20928 (D:\FA_SYSTEM\master\java-08\target\classes started by Bao in D:\FA_SYSTEM\master\java-08)
2022-12-01 10:29:16,133 [main] INFO  c.j.t.Java08Application                            - No active profile set, falling back to 1 default profile: "default"
2022-12-01 10:29:21,496 [main] INFO  o.s.d.r.c.RepositoryConfigurationDelegate          - Bootstrapping Spring Data JPA repositories in DEFAULT mode.
2022-12-01 10:29:21,994 [main] INFO  o.s.d.r.c.RepositoryConfigurationDelegate          - Finished Spring Data repository scanning in 483 ms. Found 27 JPA repository interfaces.
2022-12-01 10:29:24,568 [main] INFO  o.s.b.w.e.t.TomcatWebServer                        - Tomcat initialized with port(s): 8080 (http)
2022-12-01 10:29:24,598 [main] INFO  o.a.c.h.Http11NioProtocol                          - Initializing ProtocolHandler ["http-nio-8080"]
2022-12-01 10:29:24,600 [main] INFO  o.a.c.c.StandardService                            - Starting service [Tomcat]
2022-12-01 10:29:24,601 [main] INFO  o.a.c.c.StandardEngine                             - Starting Servlet engine: [Apache Tomcat/9.0.65]
2022-12-01 10:29:25,261 [main] INFO  o.a.c.c.C.[.[.[/]                                  - Initializing Spring embedded WebApplicationContext
2022-12-01 10:29:25,262 [main] INFO  o.s.b.w.s.c.ServletWebServerApplicationContext     - Root WebApplicationContext: initialization completed in 9072 ms
2022-12-01 10:29:25,774 [main] INFO  o.h.j.i.u.LogHelper                                - HHH000204: Processing PersistenceUnitInfo [name: default]
2022-12-01 10:29:25,880 [main] INFO  o.h.Version                                        - HHH000412: Hibernate ORM core version 5.6.10.Final
2022-12-01 10:29:26,682 [main] INFO  o.h.a.c.Version                                    - HCANN000001: Hibernate Commons Annotations {5.1.2.Final}
2022-12-01 10:29:27,047 [main] INFO  c.z.h.HikariDataSource                             - HikariPool-1 - Starting...
2022-12-01 10:29:27,559 [main] INFO  c.z.h.HikariDataSource                             - HikariPool-1 - Start completed.
2022-12-01 10:29:27,581 [main] INFO  o.h.d.Dialect                                      - HHH000400: Using dialect: org.hibernate.dialect.MySQL5InnoDBDialect
2022-12-01 10:29:28,144 [main] WARN  o.h.m.RootClass                                    - HHH000038: Composite-id class does not override equals(): com.java8.tms.common.entity.ClassTraineeId
2022-12-01 10:29:28,144 [main] WARN  o.h.m.RootClass                                    - HHH000039: Composite-id class does not override hashCode(): com.java8.tms.common.entity.ClassTraineeId
2022-12-01 10:29:29,522 [main] INFO  o.h.e.t.j.p.i.JtaPlatformInitiator                 - HHH000490: Using JtaPlatform implementation: [org.hibernate.engine.transaction.jta.platform.internal.NoJtaPlatform]
2022-12-01 10:29:29,533 [main] INFO  o.s.o.j.LocalContainerEntityManagerFactoryBean     - Initialized JPA EntityManagerFactory for persistence unit 'default'
2022-12-01 10:29:30,490 [main] TRACE o.s.c.a.AnnotationCacheOperationSource             - Adding cacheable method 'loadUserByUsername' with attribute: [Builder[public org.springframework.security.core.userdetails.UserDetails com.java8.tms.common.security.userprincipal.CustomUserDetailService.loadUserByUsername(java.lang.String) throws org.springframework.security.core.userdetails.UsernameNotFoundException] caches=[userDetails] | key='' | keyGenerator='' | cacheManager='' | cacheResolver='' | condition='' | unless='' | sync='false']
2022-12-01 10:29:30,570 [main] TRACE o.s.c.a.AnnotationCacheOperationSource             - Adding cacheable method 'save' with attribute: [Builder[public com.java8.tms.common.entity.BlackAccessToken com.java8.tms.common.security.jwt.BlackAccessTokenServiceImp.save(com.java8.tms.common.entity.BlackAccessToken)] caches=[blackAccessToken] | key='#blackAccessToken.accessToken' | keyGenerator='' | cacheManager='' | cacheResolver='' | condition='' | unless='#result == null']
2022-12-01 10:29:30,572 [main] TRACE o.s.c.a.AnnotationCacheOperationSource             - Adding cacheable method 'findByAccessToken' with attribute: [Builder[public com.java8.tms.common.entity.BlackAccessToken com.java8.tms.common.security.jwt.BlackAccessTokenServiceImp.findByAccessToken(java.lang.String)] caches=[blackAccessToken] | key='' | keyGenerator='' | cacheManager='' | cacheResolver='' | condition='' | unless='#result == null' | sync='false']
2022-12-01 10:29:31,118 [main] TRACE o.s.c.a.AnnotationCacheOperationSource             - Adding cacheable method 'findByToken' with attribute: [Builder[public java.util.Optional com.java8.tms.common.security.jwt.RefreshTokenProvider.findByToken(java.lang.String)] caches=[refreshToken] | key='' | keyGenerator='' | cacheManager='' | cacheResolver='' | condition='' | unless='' | sync='false']
2022-12-01 10:29:32,219 [main] WARN  o.s.b.a.o.j.JpaBaseConfiguration$JpaWebConfiguration - spring.jpa.open-in-view is enabled by default. Therefore, database queries may be performed during view rendering. Explicitly configure spring.jpa.open-in-view to disable this warning
2022-12-01 10:29:33,332 [main] INFO  o.s.s.w.DefaultSecurityFilterChain                 - Will secure any request with [org.springframework.security.web.session.DisableEncodeUrlFilter@7752f9fe, org.springframework.security.web.context.request.async.WebAsyncManagerIntegrationFilter@9588bd8, org.springframework.security.web.context.SecurityContextPersistenceFilter@2fedfff1, org.springframework.security.web.header.HeaderWriterFilter@5f804b36, org.springframework.web.filter.CorsFilter@75edfe9a, org.springframework.security.web.authentication.logout.LogoutFilter@19e5e846, com.java8.tms.common.security.jwt.JwtTokenFilter@2dc54b50, org.springframework.security.web.savedrequest.RequestCacheAwareFilter@1666e021, org.springframework.security.web.servletapi.SecurityContextHolderAwareRequestFilter@148c571c, org.springframework.security.web.authentication.AnonymousAuthenticationFilter@468d1fcc, org.springframework.security.web.session.SessionManagementFilter@5e18a6a7, org.springframework.security.web.access.ExceptionTranslationFilter@3fd93330, org.springframework.security.web.access.intercept.FilterSecurityInterceptor@6bb2b8d4]
2022-12-01 10:29:33,337 [main] INFO  c.j.t.Java08Application                            - Start schedule success!
2022-12-01 10:29:33,853 [main] INFO  o.a.c.h.Http11NioProtocol                          - Starting ProtocolHandler ["http-nio-8080"]
2022-12-01 10:29:33,891 [main] INFO  o.s.b.w.e.t.TomcatWebServer                        - Tomcat started on port(s): 8080 (http) with context path ''
2022-12-01 10:29:33,910 [main] INFO  c.j.t.Java08Application                            - Started Java08Application in 18.165 seconds (JVM running for 19.993)
2022-12-01 10:29:38,384 [http-nio-8080-exec-1] INFO  o.a.c.c.C.[.[.[/]                                  - Initializing Spring DispatcherServlet 'dispatcherServlet'
2022-12-01 10:29:38,384 [http-nio-8080-exec-1] INFO  o.s.w.s.DispatcherServlet                          - Initializing Servlet 'dispatcherServlet'
2022-12-01 10:29:38,386 [http-nio-8080-exec-1] INFO  o.s.w.s.DispatcherServlet                          - Completed initialization in 2 ms
2022-12-01 10:29:40,222 [http-nio-8080-exec-8] INFO  o.s.a.AbstractOpenApiResource                      - Init duration for springdoc-openapi is: 1021 ms
2022-12-01 10:29:49,182 [http-nio-8080-exec-3] ERROR c.j.t.c.s.j.JwtEntryPoint                          - Unauthorized error: Full authentication is required to access this resource
2022-12-01 10:30:00,099 [taskScheduler-1] INFO  c.j.t.c.s.MyJob                                    - Execute cleanExpiredOtp task  - Thu Dec 01 10:30:00 ICT 2022
2022-12-01 10:30:26,463 [http-nio-8080-exec-4] ERROR c.j.t.c.s.j.JwtEntryPoint                          - Unauthorized error: Full authentication is required to access this resource
2022-12-01 10:30:55,320 [http-nio-8080-exec-9] ERROR c.j.t.c.s.j.JwtEntryPoint                          - Unauthorized error: Full authentication is required to access this resource
2022-12-01 10:31:06,370 [SpringApplicationShutdownHook] INFO  o.s.o.j.LocalContainerEntityManagerFactoryBean     - Closing JPA EntityManagerFactory for persistence unit 'default'
2022-12-01 10:31:06,372 [SpringApplicationShutdownHook] INFO  c.z.h.HikariDataSource                             - HikariPool-1 - Shutdown initiated...
2022-12-01 10:31:06,382 [SpringApplicationShutdownHook] INFO  c.z.h.HikariDataSource                             - HikariPool-1 - Shutdown completed.
2022-12-01 10:31:12,035 [background-preinit] INFO  o.h.v.i.u.Version                                  - HV000001: Hibernate Validator 6.0.16.Final
2022-12-01 10:31:12,079 [main] INFO  c.j.t.Java08Application                            - Starting Java08Application using Java 18.0.2.1 on QuanlmSE150533 with PID 27252 (D:\FA_SYSTEM\master\java-08\target\classes started by Bao in D:\FA_SYSTEM\master\java-08)
2022-12-01 10:31:12,086 [main] INFO  c.j.t.Java08Application                            - No active profile set, falling back to 1 default profile: "default"
2022-12-01 10:31:13,155 [main] INFO  o.s.d.r.c.RepositoryConfigurationDelegate          - Bootstrapping Spring Data JPA repositories in DEFAULT mode.
2022-12-01 10:31:13,366 [main] INFO  o.s.d.r.c.RepositoryConfigurationDelegate          - Finished Spring Data repository scanning in 202 ms. Found 27 JPA repository interfaces.
2022-12-01 10:31:14,086 [main] INFO  o.s.b.w.e.t.TomcatWebServer                        - Tomcat initialized with port(s): 8080 (http)
2022-12-01 10:31:14,097 [main] INFO  o.a.c.h.Http11NioProtocol                          - Initializing ProtocolHandler ["http-nio-8080"]
2022-12-01 10:31:14,098 [main] INFO  o.a.c.c.StandardService                            - Starting service [Tomcat]
2022-12-01 10:31:14,098 [main] INFO  o.a.c.c.StandardEngine                             - Starting Servlet engine: [Apache Tomcat/9.0.65]
2022-12-01 10:31:14,267 [main] INFO  o.a.c.c.C.[.[.[/]                                  - Initializing Spring embedded WebApplicationContext
2022-12-01 10:31:14,268 [main] INFO  o.s.b.w.s.c.ServletWebServerApplicationContext     - Root WebApplicationContext: initialization completed in 2128 ms
2022-12-01 10:31:14,512 [main] INFO  o.h.j.i.u.LogHelper                                - HHH000204: Processing PersistenceUnitInfo [name: default]
2022-12-01 10:31:14,576 [main] INFO  o.h.Version                                        - HHH000412: Hibernate ORM core version 5.6.10.Final
2022-12-01 10:31:14,770 [main] INFO  o.h.a.c.Version                                    - HCANN000001: Hibernate Commons Annotations {5.1.2.Final}
2022-12-01 10:31:14,882 [main] INFO  c.z.h.HikariDataSource                             - HikariPool-1 - Starting...
2022-12-01 10:31:15,288 [main] INFO  c.z.h.HikariDataSource                             - HikariPool-1 - Start completed.
2022-12-01 10:31:15,307 [main] INFO  o.h.d.Dialect                                      - HHH000400: Using dialect: org.hibernate.dialect.MySQL5InnoDBDialect
2022-12-01 10:31:15,779 [main] WARN  o.h.m.RootClass                                    - HHH000038: Composite-id class does not override equals(): com.java8.tms.common.entity.ClassTraineeId
2022-12-01 10:31:15,779 [main] WARN  o.h.m.RootClass                                    - HHH000039: Composite-id class does not override hashCode(): com.java8.tms.common.entity.ClassTraineeId
2022-12-01 10:31:16,771 [main] INFO  o.h.e.t.j.p.i.JtaPlatformInitiator                 - HHH000490: Using JtaPlatform implementation: [org.hibernate.engine.transaction.jta.platform.internal.NoJtaPlatform]
2022-12-01 10:31:16,780 [main] INFO  o.s.o.j.LocalContainerEntityManagerFactoryBean     - Initialized JPA EntityManagerFactory for persistence unit 'default'
2022-12-01 10:31:17,386 [main] TRACE o.s.c.a.AnnotationCacheOperationSource             - Adding cacheable method 'loadUserByUsername' with attribute: [Builder[public org.springframework.security.core.userdetails.UserDetails com.java8.tms.common.security.userprincipal.CustomUserDetailService.loadUserByUsername(java.lang.String) throws org.springframework.security.core.userdetails.UsernameNotFoundException] caches=[userDetails] | key='' | keyGenerator='' | cacheManager='' | cacheResolver='' | condition='' | unless='' | sync='false']
2022-12-01 10:31:17,466 [main] TRACE o.s.c.a.AnnotationCacheOperationSource             - Adding cacheable method 'save' with attribute: [Builder[public com.java8.tms.common.entity.BlackAccessToken com.java8.tms.common.security.jwt.BlackAccessTokenServiceImp.save(com.java8.tms.common.entity.BlackAccessToken)] caches=[blackAccessToken] | key='#blackAccessToken.accessToken' | keyGenerator='' | cacheManager='' | cacheResolver='' | condition='' | unless='#result == null']
2022-12-01 10:31:17,467 [main] TRACE o.s.c.a.AnnotationCacheOperationSource             - Adding cacheable method 'findByAccessToken' with attribute: [Builder[public com.java8.tms.common.entity.BlackAccessToken com.java8.tms.common.security.jwt.BlackAccessTokenServiceImp.findByAccessToken(java.lang.String)] caches=[blackAccessToken] | key='' | keyGenerator='' | cacheManager='' | cacheResolver='' | condition='' | unless='#result == null' | sync='false']
2022-12-01 10:31:17,846 [main] TRACE o.s.c.a.AnnotationCacheOperationSource             - Adding cacheable method 'findByToken' with attribute: [Builder[public java.util.Optional com.java8.tms.common.security.jwt.RefreshTokenProvider.findByToken(java.lang.String)] caches=[refreshToken] | key='' | keyGenerator='' | cacheManager='' | cacheResolver='' | condition='' | unless='' | sync='false']
2022-12-01 10:31:18,829 [main] WARN  o.s.b.a.o.j.JpaBaseConfiguration$JpaWebConfiguration - spring.jpa.open-in-view is enabled by default. Therefore, database queries may be performed during view rendering. Explicitly configure spring.jpa.open-in-view to disable this warning
2022-12-01 10:31:19,735 [main] INFO  o.s.s.w.DefaultSecurityFilterChain                 - Will secure any request with [org.springframework.security.web.session.DisableEncodeUrlFilter@18247d9b, org.springframework.security.web.context.request.async.WebAsyncManagerIntegrationFilter@5632bed3, org.springframework.security.web.context.SecurityContextPersistenceFilter@f81bd2c, org.springframework.security.web.header.HeaderWriterFilter@32ff3c98, org.springframework.web.filter.CorsFilter@20307cb9, org.springframework.security.web.authentication.logout.LogoutFilter@1dcfbad1, com.java8.tms.common.security.jwt.JwtTokenFilter@2605433, org.springframework.security.web.savedrequest.RequestCacheAwareFilter@34db5935, org.springframework.security.web.servletapi.SecurityContextHolderAwareRequestFilter@1666e021, org.springframework.security.web.authentication.AnonymousAuthenticationFilter@19a2b224, org.springframework.security.web.session.SessionManagementFilter@c358f32, org.springframework.security.web.access.ExceptionTranslationFilter@65134e6c, org.springframework.security.web.access.intercept.FilterSecurityInterceptor@3f9e38d4]
2022-12-01 10:31:19,739 [main] INFO  c.j.t.Java08Application                            - Start schedule success!
2022-12-01 10:31:20,155 [main] INFO  o.a.c.h.Http11NioProtocol                          - Starting ProtocolHandler ["http-nio-8080"]
2022-12-01 10:31:20,180 [main] INFO  o.s.b.w.e.t.TomcatWebServer                        - Tomcat started on port(s): 8080 (http) with context path ''
2022-12-01 10:31:20,195 [main] INFO  c.j.t.Java08Application                            - Started Java08Application in 8.455 seconds (JVM running for 9.917)
2022-12-01 10:31:34,169 [SpringApplicationShutdownHook] INFO  o.s.o.j.LocalContainerEntityManagerFactoryBean     - Closing JPA EntityManagerFactory for persistence unit 'default'
2022-12-01 10:31:34,170 [SpringApplicationShutdownHook] INFO  c.z.h.HikariDataSource                             - HikariPool-1 - Shutdown initiated...
2022-12-01 10:31:34,175 [SpringApplicationShutdownHook] INFO  c.z.h.HikariDataSource                             - HikariPool-1 - Shutdown completed.
2022-12-01 10:36:02,036 [background-preinit] INFO  o.h.v.i.u.Version                                  - HV000001: Hibernate Validator 6.0.16.Final
2022-12-01 10:36:02,082 [main] INFO  c.j.t.Java08Application                            - Starting Java08Application using Java 18.0.2.1 on QuanlmSE150533 with PID 15076 (D:\FA_SYSTEM\master\java-08\target\classes started by Bao in D:\FA_SYSTEM\master\java-08)
2022-12-01 10:36:02,087 [main] INFO  c.j.t.Java08Application                            - No active profile set, falling back to 1 default profile: "default"
2022-12-01 10:36:03,921 [main] INFO  o.s.d.r.c.RepositoryConfigurationDelegate          - Bootstrapping Spring Data JPA repositories in DEFAULT mode.
2022-12-01 10:36:04,141 [main] INFO  o.s.d.r.c.RepositoryConfigurationDelegate          - Finished Spring Data repository scanning in 210 ms. Found 27 JPA repository interfaces.
2022-12-01 10:36:04,925 [main] INFO  o.s.b.w.e.t.TomcatWebServer                        - Tomcat initialized with port(s): 8080 (http)
2022-12-01 10:36:04,936 [main] INFO  o.a.c.h.Http11NioProtocol                          - Initializing ProtocolHandler ["http-nio-8080"]
2022-12-01 10:36:04,937 [main] INFO  o.a.c.c.StandardService                            - Starting service [Tomcat]
2022-12-01 10:36:04,937 [main] INFO  o.a.c.c.StandardEngine                             - Starting Servlet engine: [Apache Tomcat/9.0.65]
2022-12-01 10:36:05,110 [main] INFO  o.a.c.c.C.[.[.[/]                                  - Initializing Spring embedded WebApplicationContext
2022-12-01 10:36:05,110 [main] INFO  o.s.b.w.s.c.ServletWebServerApplicationContext     - Root WebApplicationContext: initialization completed in 2973 ms
2022-12-01 10:36:05,340 [main] INFO  o.h.j.i.u.LogHelper                                - HHH000204: Processing PersistenceUnitInfo [name: default]
2022-12-01 10:36:05,404 [main] INFO  o.h.Version                                        - HHH000412: Hibernate ORM core version 5.6.10.Final
2022-12-01 10:36:05,608 [main] INFO  o.h.a.c.Version                                    - HCANN000001: Hibernate Commons Annotations {5.1.2.Final}
2022-12-01 10:36:05,721 [main] INFO  c.z.h.HikariDataSource                             - HikariPool-1 - Starting...
2022-12-01 10:36:06,083 [main] INFO  c.z.h.HikariDataSource                             - HikariPool-1 - Start completed.
2022-12-01 10:36:06,103 [main] INFO  o.h.d.Dialect                                      - HHH000400: Using dialect: org.hibernate.dialect.MySQL5InnoDBDialect
2022-12-01 10:36:06,611 [main] WARN  o.h.m.RootClass                                    - HHH000038: Composite-id class does not override equals(): com.java8.tms.common.entity.ClassTraineeId
2022-12-01 10:36:06,611 [main] WARN  o.h.m.RootClass                                    - HHH000039: Composite-id class does not override hashCode(): com.java8.tms.common.entity.ClassTraineeId
2022-12-01 10:36:07,611 [main] INFO  o.h.e.t.j.p.i.JtaPlatformInitiator                 - HHH000490: Using JtaPlatform implementation: [org.hibernate.engine.transaction.jta.platform.internal.NoJtaPlatform]
2022-12-01 10:36:07,624 [main] INFO  o.s.o.j.LocalContainerEntityManagerFactoryBean     - Initialized JPA EntityManagerFactory for persistence unit 'default'
2022-12-01 10:36:08,260 [main] TRACE o.s.c.a.AnnotationCacheOperationSource             - Adding cacheable method 'loadUserByUsername' with attribute: [Builder[public org.springframework.security.core.userdetails.UserDetails com.java8.tms.common.security.userprincipal.CustomUserDetailService.loadUserByUsername(java.lang.String) throws org.springframework.security.core.userdetails.UsernameNotFoundException] caches=[userDetails] | key='' | keyGenerator='' | cacheManager='' | cacheResolver='' | condition='' | unless='' | sync='false']
2022-12-01 10:36:08,333 [main] TRACE o.s.c.a.AnnotationCacheOperationSource             - Adding cacheable method 'save' with attribute: [Builder[public com.java8.tms.common.entity.BlackAccessToken com.java8.tms.common.security.jwt.BlackAccessTokenServiceImp.save(com.java8.tms.common.entity.BlackAccessToken)] caches=[blackAccessToken] | key='#blackAccessToken.accessToken' | keyGenerator='' | cacheManager='' | cacheResolver='' | condition='' | unless='#result == null']
2022-12-01 10:36:08,334 [main] TRACE o.s.c.a.AnnotationCacheOperationSource             - Adding cacheable method 'findByAccessToken' with attribute: [Builder[public com.java8.tms.common.entity.BlackAccessToken com.java8.tms.common.security.jwt.BlackAccessTokenServiceImp.findByAccessToken(java.lang.String)] caches=[blackAccessToken] | key='' | keyGenerator='' | cacheManager='' | cacheResolver='' | condition='' | unless='#result == null' | sync='false']
2022-12-01 10:36:08,728 [main] TRACE o.s.c.a.AnnotationCacheOperationSource             - Adding cacheable method 'findByToken' with attribute: [Builder[public java.util.Optional com.java8.tms.common.security.jwt.RefreshTokenProvider.findByToken(java.lang.String)] caches=[refreshToken] | key='' | keyGenerator='' | cacheManager='' | cacheResolver='' | condition='' | unless='' | sync='false']
2022-12-01 10:36:09,821 [main] WARN  o.s.b.a.o.j.JpaBaseConfiguration$JpaWebConfiguration - spring.jpa.open-in-view is enabled by default. Therefore, database queries may be performed during view rendering. Explicitly configure spring.jpa.open-in-view to disable this warning
2022-12-01 10:36:10,777 [main] INFO  o.s.s.w.DefaultSecurityFilterChain                 - Will secure any request with [org.springframework.security.web.session.DisableEncodeUrlFilter@1dd36967, org.springframework.security.web.context.request.async.WebAsyncManagerIntegrationFilter@7821d009, org.springframework.security.web.context.SecurityContextPersistenceFilter@7c48ea9e, org.springframework.security.web.header.HeaderWriterFilter@4271960c, org.springframework.web.filter.CorsFilter@77984827, org.springframework.security.web.authentication.logout.LogoutFilter@148c571c, com.java8.tms.common.security.jwt.JwtTokenFilter@5f92e5eb, org.springframework.security.web.savedrequest.RequestCacheAwareFilter@d833770, org.springframework.security.web.servletapi.SecurityContextHolderAwareRequestFilter@43f23338, org.springframework.security.web.authentication.AnonymousAuthenticationFilter@24afdf18, org.springframework.security.web.session.SessionManagementFilter@54a1a6a8, org.springframework.security.web.access.ExceptionTranslationFilter@67441705, org.springframework.security.web.access.intercept.FilterSecurityInterceptor@63c6579]
2022-12-01 10:36:10,781 [main] INFO  c.j.t.Java08Application                            - Start schedule success!
2022-12-01 10:36:11,243 [main] INFO  o.a.c.h.Http11NioProtocol                          - Starting ProtocolHandler ["http-nio-8080"]
2022-12-01 10:36:11,279 [main] INFO  o.s.b.w.e.t.TomcatWebServer                        - Tomcat started on port(s): 8080 (http) with context path ''
2022-12-01 10:36:11,305 [main] INFO  c.j.t.Java08Application                            - Started Java08Application in 9.622 seconds (JVM running for 11.2)
2022-12-01 10:36:17,831 [http-nio-8080-exec-1] INFO  o.a.c.c.C.[.[.[/]                                  - Initializing Spring DispatcherServlet 'dispatcherServlet'
2022-12-01 10:36:17,831 [http-nio-8080-exec-1] INFO  o.s.w.s.DispatcherServlet                          - Initializing Servlet 'dispatcherServlet'
2022-12-01 10:36:17,835 [http-nio-8080-exec-1] INFO  o.s.w.s.DispatcherServlet                          - Completed initialization in 3 ms
2022-12-01 10:36:21,836 [http-nio-8080-exec-9] INFO  o.s.a.AbstractOpenApiResource                      - Init duration for springdoc-openapi is: 2081 ms
2022-12-01 10:36:30,671 [http-nio-8080-exec-4] ERROR c.j.t.c.s.j.JwtEntryPoint                          - Unauthorized error: Full authentication is required to access this resource
2022-12-01 10:37:35,864 [SpringApplicationShutdownHook] INFO  o.s.o.j.LocalContainerEntityManagerFactoryBean     - Closing JPA EntityManagerFactory for persistence unit 'default'
2022-12-01 10:37:35,865 [SpringApplicationShutdownHook] INFO  c.z.h.HikariDataSource                             - HikariPool-1 - Shutdown initiated...
2022-12-01 10:37:35,873 [SpringApplicationShutdownHook] INFO  c.z.h.HikariDataSource                             - HikariPool-1 - Shutdown completed.
2022-12-01 16:23:23,257 [background-preinit] INFO  o.h.v.i.u.Version                                  - HV000001: Hibernate Validator 6.0.16.Final
2022-12-01 16:23:23,296 [main] INFO  c.j.t.Java08Application                            - Starting Java08Application using Java 18.0.2.1 on QuanlmSE150533 with PID 9176 (D:\FA_SYSTEM\master\java-08\target\classes started by Bao in D:\FA_SYSTEM\master\java-08)
2022-12-01 16:23:23,369 [main] INFO  c.j.t.Java08Application                            - No active profile set, falling back to 1 default profile: "default"
2022-12-01 16:23:26,353 [main] INFO  o.s.d.r.c.RepositoryConfigurationDelegate          - Bootstrapping Spring Data JPA repositories in DEFAULT mode.
2022-12-01 16:23:26,581 [main] INFO  o.s.d.r.c.RepositoryConfigurationDelegate          - Finished Spring Data repository scanning in 219 ms. Found 27 JPA repository interfaces.
2022-12-01 16:23:27,356 [main] INFO  o.s.b.w.e.t.TomcatWebServer                        - Tomcat initialized with port(s): 8080 (http)
2022-12-01 16:23:27,366 [main] INFO  o.a.c.h.Http11NioProtocol                          - Initializing ProtocolHandler ["http-nio-8080"]
2022-12-01 16:23:27,367 [main] INFO  o.a.c.c.StandardService                            - Starting service [Tomcat]
2022-12-01 16:23:27,367 [main] INFO  o.a.c.c.StandardEngine                             - Starting Servlet engine: [Apache Tomcat/9.0.65]
2022-12-01 16:23:27,580 [main] INFO  o.a.c.c.C.[.[.[/]                                  - Initializing Spring embedded WebApplicationContext
2022-12-01 16:23:27,581 [main] INFO  o.s.b.w.s.c.ServletWebServerApplicationContext     - Root WebApplicationContext: initialization completed in 4146 ms
2022-12-01 16:23:27,858 [main] INFO  o.h.j.i.u.LogHelper                                - HHH000204: Processing PersistenceUnitInfo [name: default]
2022-12-01 16:23:27,922 [main] INFO  o.h.Version                                        - HHH000412: Hibernate ORM core version 5.6.10.Final
2022-12-01 16:23:28,100 [main] INFO  o.h.a.c.Version                                    - HCANN000001: Hibernate Commons Annotations {5.1.2.Final}
2022-12-01 16:23:28,238 [main] INFO  c.z.h.HikariDataSource                             - HikariPool-1 - Starting...
2022-12-01 16:23:28,632 [main] INFO  c.z.h.HikariDataSource                             - HikariPool-1 - Start completed.
2022-12-01 16:23:28,651 [main] INFO  o.h.d.Dialect                                      - HHH000400: Using dialect: org.hibernate.dialect.MySQL5InnoDBDialect
2022-12-01 16:23:29,232 [main] WARN  o.h.m.RootClass                                    - HHH000038: Composite-id class does not override equals(): com.java8.tms.common.entity.ClassTraineeId
2022-12-01 16:23:29,232 [main] WARN  o.h.m.RootClass                                    - HHH000039: Composite-id class does not override hashCode(): com.java8.tms.common.entity.ClassTraineeId
2022-12-01 16:23:30,440 [main] INFO  o.h.e.t.j.p.i.JtaPlatformInitiator                 - HHH000490: Using JtaPlatform implementation: [org.hibernate.engine.transaction.jta.platform.internal.NoJtaPlatform]
2022-12-01 16:23:30,447 [main] INFO  o.s.o.j.LocalContainerEntityManagerFactoryBean     - Initialized JPA EntityManagerFactory for persistence unit 'default'
2022-12-01 16:23:31,013 [main] TRACE o.s.c.a.AnnotationCacheOperationSource             - Adding cacheable method 'loadUserByUsername' with attribute: [Builder[public org.springframework.security.core.userdetails.UserDetails com.java8.tms.common.security.userprincipal.CustomUserDetailService.loadUserByUsername(java.lang.String) throws org.springframework.security.core.userdetails.UsernameNotFoundException] caches=[userDetails] | key='' | keyGenerator='' | cacheManager='' | cacheResolver='' | condition='' | unless='' | sync='false']
2022-12-01 16:23:31,083 [main] TRACE o.s.c.a.AnnotationCacheOperationSource             - Adding cacheable method 'save' with attribute: [Builder[public com.java8.tms.common.entity.BlackAccessToken com.java8.tms.common.security.jwt.BlackAccessTokenServiceImp.save(com.java8.tms.common.entity.BlackAccessToken)] caches=[blackAccessToken] | key='#blackAccessToken.accessToken' | keyGenerator='' | cacheManager='' | cacheResolver='' | condition='' | unless='#result == null']
2022-12-01 16:23:31,085 [main] TRACE o.s.c.a.AnnotationCacheOperationSource             - Adding cacheable method 'findByAccessToken' with attribute: [Builder[public com.java8.tms.common.entity.BlackAccessToken com.java8.tms.common.security.jwt.BlackAccessTokenServiceImp.findByAccessToken(java.lang.String)] caches=[blackAccessToken] | key='' | keyGenerator='' | cacheManager='' | cacheResolver='' | condition='' | unless='#result == null' | sync='false']
2022-12-01 16:23:31,531 [main] TRACE o.s.c.a.AnnotationCacheOperationSource             - Adding cacheable method 'findByToken' with attribute: [Builder[public java.util.Optional com.java8.tms.common.security.jwt.RefreshTokenProvider.findByToken(java.lang.String)] caches=[refreshToken] | key='' | keyGenerator='' | cacheManager='' | cacheResolver='' | condition='' | unless='' | sync='false']
2022-12-01 16:23:32,487 [main] WARN  o.s.b.a.o.j.JpaBaseConfiguration$JpaWebConfiguration - spring.jpa.open-in-view is enabled by default. Therefore, database queries may be performed during view rendering. Explicitly configure spring.jpa.open-in-view to disable this warning
2022-12-01 16:23:33,595 [main] INFO  o.s.s.w.DefaultSecurityFilterChain                 - Will secure any request with [org.springframework.security.web.session.DisableEncodeUrlFilter@18a421ea, org.springframework.security.web.context.request.async.WebAsyncManagerIntegrationFilter@18247d9b, org.springframework.security.web.context.SecurityContextPersistenceFilter@485dfac9, org.springframework.security.web.header.HeaderWriterFilter@7d45e754, org.springframework.web.filter.CorsFilter@5632bed3, org.springframework.security.web.authentication.logout.LogoutFilter@343b3399, com.java8.tms.common.security.jwt.JwtTokenFilter@a94c8e3, org.springframework.security.web.savedrequest.RequestCacheAwareFilter@5d4a1d2c, org.springframework.security.web.servletapi.SecurityContextHolderAwareRequestFilter@63f093a, org.springframework.security.web.authentication.AnonymousAuthenticationFilter@20307cb9, org.springframework.security.web.session.SessionManagementFilter@3a22c944, org.springframework.security.web.access.ExceptionTranslationFilter@136c3a6, org.springframework.security.web.access.intercept.FilterSecurityInterceptor@68fd0fba]
2022-12-01 16:23:33,599 [main] INFO  c.j.t.Java08Application                            - Start schedule success!
2022-12-01 16:23:34,086 [main] INFO  o.a.c.h.Http11NioProtocol                          - Starting ProtocolHandler ["http-nio-8080"]
2022-12-01 16:23:34,118 [main] INFO  o.s.b.w.e.t.TomcatWebServer                        - Tomcat started on port(s): 8080 (http) with context path ''
2022-12-01 16:23:34,133 [main] INFO  c.j.t.Java08Application                            - Started Java08Application in 11.174 seconds (JVM running for 12.307)
2022-12-01 16:23:50,763 [http-nio-8080-exec-1] INFO  o.a.c.c.C.[.[.[/]                                  - Initializing Spring DispatcherServlet 'dispatcherServlet'
2022-12-01 16:23:50,763 [http-nio-8080-exec-1] INFO  o.s.w.s.DispatcherServlet                          - Initializing Servlet 'dispatcherServlet'
2022-12-01 16:23:50,765 [http-nio-8080-exec-1] INFO  o.s.w.s.DispatcherServlet                          - Completed initialization in 1 ms
2022-12-01 16:23:53,238 [http-nio-8080-exec-8] INFO  o.s.a.AbstractOpenApiResource                      - Init duration for springdoc-openapi is: 1770 ms
2022-12-01 16:23:59,006 [http-nio-8080-exec-5] TRACE o.s.c.i.CacheInterceptor                           - Computed cache key 'admin@gmail.com' for operation Builder[public org.springframework.security.core.userdetails.UserDetails com.java8.tms.common.security.userprincipal.CustomUserDetailService.loadUserByUsername(java.lang.String) throws org.springframework.security.core.userdetails.UsernameNotFoundException] caches=[userDetails] | key='' | keyGenerator='' | cacheManager='' | cacheResolver='' | condition='' | unless='' | sync='false'
2022-12-01 16:23:59,006 [http-nio-8080-exec-5] TRACE o.s.c.i.CacheInterceptor                           - No cache entry for key 'admin@gmail.com' in cache(s) [userDetails]
2022-12-01 16:23:59,006 [http-nio-8080-exec-5] TRACE o.s.c.i.CacheInterceptor                           - Computed cache key 'admin@gmail.com' for operation Builder[public org.springframework.security.core.userdetails.UserDetails com.java8.tms.common.security.userprincipal.CustomUserDetailService.loadUserByUsername(java.lang.String) throws org.springframework.security.core.userdetails.UsernameNotFoundException] caches=[userDetails] | key='' | keyGenerator='' | cacheManager='' | cacheResolver='' | condition='' | unless='' | sync='false'
2022-12-01 16:24:28,972 [http-nio-8080-exec-6] ERROR c.j.t.c.s.j.JwtProvider                            - Invalid JWT token format: JWT strings must contain exactly 2 period characters. Found: 0
2022-12-01 16:24:28,973 [http-nio-8080-exec-6] ERROR c.j.t.c.s.j.JwtEntryPoint                          - Unauthorized error: Full authentication is required to access this resource
2022-12-01 16:24:33,367 [SpringApplicationShutdownHook] INFO  o.s.o.j.LocalContainerEntityManagerFactoryBean     - Closing JPA EntityManagerFactory for persistence unit 'default'
2022-12-01 16:24:33,369 [SpringApplicationShutdownHook] INFO  c.z.h.HikariDataSource                             - HikariPool-1 - Shutdown initiated...
2022-12-01 16:24:33,378 [SpringApplicationShutdownHook] INFO  c.z.h.HikariDataSource                             - HikariPool-1 - Shutdown completed.
2022-12-01 21:02:42,344 [background-preinit] INFO  o.h.v.i.u.Version                                  - HV000001: Hibernate Validator 6.0.16.Final
2022-12-01 21:02:42,377 [main] INFO  c.j.t.Java08Application                            - Starting Java08Application using Java 18.0.2.1 on QuanlmSE150533 with PID 9428 (D:\FA_SYSTEM\master\java-08\target\classes started by Bao in D:\FA_SYSTEM\master\java-08)
2022-12-01 21:02:42,381 [main] INFO  c.j.t.Java08Application                            - No active profile set, falling back to 1 default profile: "default"
2022-12-01 21:02:45,432 [main] INFO  o.s.d.r.c.RepositoryConfigurationDelegate          - Bootstrapping Spring Data JPA repositories in DEFAULT mode.
2022-12-01 21:02:45,604 [main] INFO  o.s.d.r.c.RepositoryConfigurationDelegate          - Finished Spring Data repository scanning in 164 ms. Found 27 JPA repository interfaces.
2022-12-01 21:02:46,232 [main] INFO  o.s.b.w.e.t.TomcatWebServer                        - Tomcat initialized with port(s): 8080 (http)
2022-12-01 21:02:46,241 [main] INFO  o.a.c.h.Http11NioProtocol                          - Initializing ProtocolHandler ["http-nio-8080"]
2022-12-01 21:02:46,242 [main] INFO  o.a.c.c.StandardService                            - Starting service [Tomcat]
2022-12-01 21:02:46,242 [main] INFO  o.a.c.c.StandardEngine                             - Starting Servlet engine: [Apache Tomcat/9.0.65]
2022-12-01 21:02:46,383 [main] INFO  o.a.c.c.C.[.[.[/]                                  - Initializing Spring embedded WebApplicationContext
2022-12-01 21:02:46,383 [main] INFO  o.s.b.w.s.c.ServletWebServerApplicationContext     - Root WebApplicationContext: initialization completed in 3953 ms
2022-12-01 21:02:46,587 [main] INFO  o.h.j.i.u.LogHelper                                - HHH000204: Processing PersistenceUnitInfo [name: default]
2022-12-01 21:02:46,640 [main] INFO  o.h.Version                                        - HHH000412: Hibernate ORM core version 5.6.10.Final
2022-12-01 21:02:46,784 [main] INFO  o.h.a.c.Version                                    - HCANN000001: Hibernate Commons Annotations {5.1.2.Final}
2022-12-01 21:02:46,889 [main] INFO  c.z.h.HikariDataSource                             - HikariPool-1 - Starting...
2022-12-01 21:02:47,213 [main] INFO  c.z.h.HikariDataSource                             - HikariPool-1 - Start completed.
2022-12-01 21:02:47,228 [main] INFO  o.h.d.Dialect                                      - HHH000400: Using dialect: org.hibernate.dialect.MySQL5InnoDBDialect
2022-12-01 21:02:47,633 [main] WARN  o.h.m.RootClass                                    - HHH000038: Composite-id class does not override equals(): com.java8.tms.common.entity.ClassTraineeId
2022-12-01 21:02:47,633 [main] WARN  o.h.m.RootClass                                    - HHH000039: Composite-id class does not override hashCode(): com.java8.tms.common.entity.ClassTraineeId
2022-12-01 21:02:48,549 [main] INFO  o.h.e.t.j.p.i.JtaPlatformInitiator                 - HHH000490: Using JtaPlatform implementation: [org.hibernate.engine.transaction.jta.platform.internal.NoJtaPlatform]
2022-12-01 21:02:48,556 [main] INFO  o.s.o.j.LocalContainerEntityManagerFactoryBean     - Initialized JPA EntityManagerFactory for persistence unit 'default'
2022-12-01 21:02:49,066 [main] TRACE o.s.c.a.AnnotationCacheOperationSource             - Adding cacheable method 'loadUserByUsername' with attribute: [Builder[public org.springframework.security.core.userdetails.UserDetails com.java8.tms.common.security.userprincipal.CustomUserDetailService.loadUserByUsername(java.lang.String) throws org.springframework.security.core.userdetails.UsernameNotFoundException] caches=[userDetails] | key='' | keyGenerator='' | cacheManager='' | cacheResolver='' | condition='' | unless='' | sync='false']
2022-12-01 21:02:49,134 [main] TRACE o.s.c.a.AnnotationCacheOperationSource             - Adding cacheable method 'save' with attribute: [Builder[public com.java8.tms.common.entity.BlackAccessToken com.java8.tms.common.security.jwt.BlackAccessTokenServiceImp.save(com.java8.tms.common.entity.BlackAccessToken)] caches=[blackAccessToken] | key='#blackAccessToken.accessToken' | keyGenerator='' | cacheManager='' | cacheResolver='' | condition='' | unless='#result == null']
2022-12-01 21:02:49,135 [main] TRACE o.s.c.a.AnnotationCacheOperationSource             - Adding cacheable method 'findByAccessToken' with attribute: [Builder[public com.java8.tms.common.entity.BlackAccessToken com.java8.tms.common.security.jwt.BlackAccessTokenServiceImp.findByAccessToken(java.lang.String)] caches=[blackAccessToken] | key='' | keyGenerator='' | cacheManager='' | cacheResolver='' | condition='' | unless='#result == null' | sync='false']
2022-12-01 21:02:49,444 [main] TRACE o.s.c.a.AnnotationCacheOperationSource             - Adding cacheable method 'findByToken' with attribute: [Builder[public java.util.Optional com.java8.tms.common.security.jwt.RefreshTokenProvider.findByToken(java.lang.String)] caches=[refreshToken] | key='' | keyGenerator='' | cacheManager='' | cacheResolver='' | condition='' | unless='' | sync='false']
2022-12-01 21:02:50,225 [main] WARN  o.s.b.a.o.j.JpaBaseConfiguration$JpaWebConfiguration - spring.jpa.open-in-view is enabled by default. Therefore, database queries may be performed during view rendering. Explicitly configure spring.jpa.open-in-view to disable this warning
2022-12-01 21:02:50,970 [main] INFO  o.s.s.w.DefaultSecurityFilterChain                 - Will secure any request with [org.springframework.security.web.session.DisableEncodeUrlFilter@20307cb9, org.springframework.security.web.context.request.async.WebAsyncManagerIntegrationFilter@19a2b224, org.springframework.security.web.context.SecurityContextPersistenceFilter@5e18a6a7, org.springframework.security.web.header.HeaderWriterFilter@65134e6c, org.springframework.web.filter.CorsFilter@2251cc2e, org.springframework.security.web.authentication.logout.LogoutFilter@36e7b91c, com.java8.tms.common.security.jwt.JwtTokenFilter@46c7e6c0, org.springframework.security.web.savedrequest.RequestCacheAwareFilter@f81bd2c, org.springframework.security.web.servletapi.SecurityContextHolderAwareRequestFilter@2fedfff1, org.springframework.security.web.authentication.AnonymousAuthenticationFilter@61563a91, org.springframework.security.web.session.SessionManagementFilter@16a30d66, org.springframework.security.web.access.ExceptionTranslationFilter@cb03360, org.springframework.security.web.access.intercept.FilterSecurityInterceptor@18a421ea]
2022-12-01 21:02:50,972 [main] INFO  c.j.t.Java08Application                            - Start schedule success!
2022-12-01 21:02:51,289 [main] INFO  o.a.c.h.Http11NioProtocol                          - Starting ProtocolHandler ["http-nio-8080"]
2022-12-01 21:02:51,313 [main] INFO  o.s.b.w.e.t.TomcatWebServer                        - Tomcat started on port(s): 8080 (http) with context path ''
2022-12-01 21:02:51,327 [main] INFO  c.j.t.Java08Application                            - Started Java08Application in 9.256 seconds (JVM running for 10.895)
2022-12-01 21:03:12,448 [http-nio-8080-exec-1] INFO  o.a.c.c.C.[.[.[/]                                  - Initializing Spring DispatcherServlet 'dispatcherServlet'
2022-12-01 21:03:12,448 [http-nio-8080-exec-1] INFO  o.s.w.s.DispatcherServlet                          - Initializing Servlet 'dispatcherServlet'
2022-12-01 21:03:12,449 [http-nio-8080-exec-1] INFO  o.s.w.s.DispatcherServlet                          - Completed initialization in 1 ms
2022-12-01 21:03:13,831 [http-nio-8080-exec-9] INFO  o.s.a.AbstractOpenApiResource                      - Init duration for springdoc-openapi is: 797 ms
2022-12-01 21:03:37,794 [http-nio-8080-exec-10] TRACE o.s.c.i.CacheInterceptor                           - Computed cache key 'admin@gmail.com' for operation Builder[public org.springframework.security.core.userdetails.UserDetails com.java8.tms.common.security.userprincipal.CustomUserDetailService.loadUserByUsername(java.lang.String) throws org.springframework.security.core.userdetails.UsernameNotFoundException] caches=[userDetails] | key='' | keyGenerator='' | cacheManager='' | cacheResolver='' | condition='' | unless='' | sync='false'
2022-12-01 21:03:37,794 [http-nio-8080-exec-10] TRACE o.s.c.i.CacheInterceptor                           - No cache entry for key 'admin@gmail.com' in cache(s) [userDetails]
2022-12-01 21:03:37,794 [http-nio-8080-exec-10] TRACE o.s.c.i.CacheInterceptor                           - Computed cache key 'admin@gmail.com' for operation Builder[public org.springframework.security.core.userdetails.UserDetails com.java8.tms.common.security.userprincipal.CustomUserDetailService.loadUserByUsername(java.lang.String) throws org.springframework.security.core.userdetails.UsernameNotFoundException] caches=[userDetails] | key='' | keyGenerator='' | cacheManager='' | cacheResolver='' | condition='' | unless='' | sync='false'
2022-12-01 21:04:12,219 [http-nio-8080-exec-6] TRACE o.s.c.i.CacheInterceptor                           - Computed cache key 'admin@gmail.com' for operation Builder[public org.springframework.security.core.userdetails.UserDetails com.java8.tms.common.security.userprincipal.CustomUserDetailService.loadUserByUsername(java.lang.String) throws org.springframework.security.core.userdetails.UsernameNotFoundException] caches=[userDetails] | key='' | keyGenerator='' | cacheManager='' | cacheResolver='' | condition='' | unless='' | sync='false'
2022-12-01 21:04:12,220 [http-nio-8080-exec-6] TRACE o.s.c.i.CacheInterceptor                           - Cache entry for key 'admin@gmail.com' found in cache 'userDetails'
2022-12-01 21:04:50,450 [http-nio-8080-exec-9] TRACE o.s.c.i.CacheInterceptor                           - Computed cache key '78d54faee1148dbda96c79de7b046c36db1142ce79cf6146d46c061b05efe8f3' for operation Builder[public com.java8.tms.common.entity.BlackAccessToken com.java8.tms.common.security.jwt.BlackAccessTokenServiceImp.findByAccessToken(java.lang.String)] caches=[blackAccessToken] | key='' | keyGenerator='' | cacheManager='' | cacheResolver='' | condition='' | unless='#result == null' | sync='false'
2022-12-01 21:04:50,450 [http-nio-8080-exec-9] TRACE o.s.c.i.CacheInterceptor                           - No cache entry for key '78d54faee1148dbda96c79de7b046c36db1142ce79cf6146d46c061b05efe8f3' in cache(s) [blackAccessToken]
2022-12-01 21:04:50,450 [http-nio-8080-exec-9] TRACE o.s.c.i.CacheInterceptor                           - Computed cache key '78d54faee1148dbda96c79de7b046c36db1142ce79cf6146d46c061b05efe8f3' for operation Builder[public com.java8.tms.common.entity.BlackAccessToken com.java8.tms.common.security.jwt.BlackAccessTokenServiceImp.findByAccessToken(java.lang.String)] caches=[blackAccessToken] | key='' | keyGenerator='' | cacheManager='' | cacheResolver='' | condition='' | unless='#result == null' | sync='false'
2022-12-01 21:04:50,484 [http-nio-8080-exec-9] TRACE o.s.c.i.CacheInterceptor                           - Computed cache key 'admin@gmail.com' for operation Builder[public org.springframework.security.core.userdetails.UserDetails com.java8.tms.common.security.userprincipal.CustomUserDetailService.loadUserByUsername(java.lang.String) throws org.springframework.security.core.userdetails.UsernameNotFoundException] caches=[userDetails] | key='' | keyGenerator='' | cacheManager='' | cacheResolver='' | condition='' | unless='' | sync='false'
2022-12-01 21:04:50,484 [http-nio-8080-exec-9] TRACE o.s.c.i.CacheInterceptor                           - Cache entry for key 'admin@gmail.com' found in cache 'userDetails'
2022-12-01 21:05:03,535 [SpringApplicationShutdownHook] INFO  o.s.o.j.LocalContainerEntityManagerFactoryBean     - Closing JPA EntityManagerFactory for persistence unit 'default'
2022-12-01 21:05:03,536 [SpringApplicationShutdownHook] INFO  c.z.h.HikariDataSource                             - HikariPool-1 - Shutdown initiated...
2022-12-01 21:05:03,543 [SpringApplicationShutdownHook] INFO  c.z.h.HikariDataSource                             - HikariPool-1 - Shutdown completed.
